<?xml version="1.0" encoding="utf-8"?><testsuites name="pytest tests"><testsuite name="pytest" errors="0" failures="0" skipped="0" tests="25" time="8.742" timestamp="2026-03-25T09:55:27.663713+00:00" hostname="agent-env-e7dc9f1c-10b2-4f04-a498-3f1602efc970"><testcase classname="backend.tests.test_seo_saas_complete.TestAuthFlow" name="test_login_with_admin_credentials" time="0.374" /><testcase classname="backend.tests.test_seo_saas_complete.TestAuthFlow" name="test_login_with_invalid_credentials" time="0.318" /><testcase classname="backend.tests.test_seo_saas_complete.TestAuthFlow" name="test_forgot_password_endpoint" time="0.102" /><testcase classname="backend.tests.test_seo_saas_complete.TestAuthFlow" name="test_register_duplicate_email" time="0.111" /><testcase classname="backend.tests.test_seo_saas_complete.TestAdminDashboard" name="test_admin_stats" time="0.456" /><testcase classname="backend.tests.test_seo_saas_complete.TestAdminDashboard" name="test_admin_users_list" time="0.443" /><testcase classname="backend.tests.test_seo_saas_complete.TestAdminDashboard" name="test_admin_notifications" time="0.447" /><testcase classname="backend.tests.test_seo_saas_complete.TestAdminDashboard" name="test_admin_content" time="0.434" /><testcase classname="backend.tests.test_seo_saas_complete.TestAdminDashboard" name="test_admin_platform_settings" time="0.421" /><testcase classname="backend.tests.test_seo_saas_complete.TestAdminDashboard" name="test_non_admin_blocked" time="0.440" /><testcase classname="backend.tests.test_seo_saas_complete.TestBillingAndSubscription" name="test_get_subscription" time="0.433" /><testcase classname="backend.tests.test_seo_saas_complete.TestBillingAndSubscription" name="test_get_subscription_usage" time="0.420" /><testcase classname="backend.tests.test_seo_saas_complete.TestBillingAndSubscription" name="test_get_invoices" time="0.425" /><testcase classname="backend.tests.test_seo_saas_complete.TestApiKeys" name="test_get_api_keys_status" time="0.450" /><testcase classname="backend.tests.test_seo_saas_complete.TestPlansAndPricing" name="test_get_all_plans" time="0.096" /><testcase classname="backend.tests.test_seo_saas_complete.TestFooterPages" name="test_contact_page_content" time="0.101" /><testcase classname="backend.tests.test_seo_saas_complete.TestFooterPages" name="test_terms_page_content" time="0.105" /><testcase classname="backend.tests.test_seo_saas_complete.TestFooterPages" name="test_privacy_page_content" time="0.127" /><testcase classname="backend.tests.test_seo_saas_complete.TestDashboardUser" name="test_dashboard_all_data" time="0.423" /><testcase classname="backend.tests.test_seo_saas_complete.TestDashboardUser" name="test_analytics_overview" time="0.434" /><testcase classname="backend.tests.test_seo_saas_complete.TestDashboardUser" name="test_get_wordpress_sites" time="0.414" /><testcase classname="backend.tests.test_seo_saas_complete.TestDashboardUser" name="test_get_articles" time="0.423" /><testcase classname="backend.tests.test_seo_saas_complete.TestDashboardUser" name="test_get_keywords" time="0.440" /><testcase classname="backend.tests.test_seo_saas_complete.TestDashboardUser" name="test_get_calendar" time="0.427" /><testcase classname="backend.tests.test_seo_saas_complete.TestDashboardUser" name="test_auth_me" time="0.418" /></testsuite></testsuites>