<?xml version="1.0" encoding="utf-8"?><testsuites name="pytest tests"><testsuite name="pytest" errors="0" failures="0" skipped="0" tests="13" time="56.393" timestamp="2026-03-03T14:30:09.251628+00:00" hostname="agent-env-690e25c9-b192-45cf-8d31-9b96a8393b2c"><testcase classname="tests.test_bug_fixes_v4.TestMarkdownAndYearConversion" name="test_convert_markdown_to_html_headers" time="2.320" /><testcase classname="tests.test_bug_fixes_v4.TestMarkdownAndYearConversion" name="test_convert_markdown_to_html_bold" time="0.001" /><testcase classname="tests.test_bug_fixes_v4.TestMarkdownAndYearConversion" name="test_convert_markdown_to_html_lists" time="0.001" /><testcase classname="tests.test_bug_fixes_v4.TestMarkdownAndYearConversion" name="test_clean_html_content_year_replacement" time="0.001" /><testcase classname="tests.test_bug_fixes_v4.TestMarkdownAndYearConversion" name="test_clean_html_content_markdown_conversion" time="0.000" /><testcase classname="tests.test_bug_fixes_v4.TestMarkdownAndYearConversion" name="test_clean_html_content_removes_doctype" time="0.000" /><testcase classname="tests.test_bug_fixes_v4.TestAutomationEndpoints" name="test_automation_sites_endpoint" time="1.784" /><testcase classname="tests.test_bug_fixes_v4.TestAutomationEndpoints" name="test_automation_publication_log_endpoint" time="0.428" /><testcase classname="tests.test_bug_fixes_v4.TestAutomationEndpoints" name="test_automation_history_endpoint" time="0.408" /><testcase classname="tests.test_bug_fixes_v4.TestArticleGeneration" name="test_article_generate_returns_html_not_markdown" time="24.225" /><testcase classname="tests.test_bug_fixes_v4.TestArticleGeneration" name="test_article_content_has_current_year" time="25.312" /><testcase classname="tests.test_bug_fixes_v4.TestAuthEndpoints" name="test_api_accessible" time="0.591" /><testcase classname="tests.test_bug_fixes_v4.TestAuthEndpoints" name="test_register_and_login" time="1.272" /></testsuite></testsuites>