<?xml version="1.0" encoding="utf-8"?><testsuites name="pytest tests"><testsuite name="pytest" errors="0" failures="0" skipped="0" tests="11" time="4.930" timestamp="2026-04-11T10:29:57.815738+00:00" hostname="agent-env-35874b6f-d1d4-4a34-88a5-81acd4636107"><testcase classname="backend.tests.test_refactored_routes.TestHealthEndpoint" name="test_health_check_returns_200" time="0.231" /><testcase classname="backend.tests.test_refactored_routes.TestAuthLogin" name="test_login_with_valid_credentials" time="0.366" /><testcase classname="backend.tests.test_refactored_routes.TestAuthLogin" name="test_login_with_invalid_credentials" time="0.334" /><testcase classname="backend.tests.test_refactored_routes.TestDashboardRoutes" name="test_dashboard_stats_requires_auth" time="0.442" /><testcase classname="backend.tests.test_refactored_routes.TestDashboardRoutes" name="test_dashboard_stats_with_auth" time="0.429" /><testcase classname="backend.tests.test_refactored_routes.TestDashboardRoutes" name="test_dashboard_all_with_auth" time="0.426" /><testcase classname="backend.tests.test_refactored_routes.TestSettingsRoutes" name="test_settings_requires_auth" time="0.444" /><testcase classname="backend.tests.test_refactored_routes.TestSettingsRoutes" name="test_get_settings_with_auth" time="0.426" /><testcase classname="backend.tests.test_refactored_routes.TestSettingsRoutes" name="test_patch_settings_with_auth" time="0.828" /><testcase classname="backend.tests.test_refactored_routes.TestPagespeedRoutes" name="test_pagespeed_all_sites_requires_auth" time="0.493" /><testcase classname="backend.tests.test_refactored_routes.TestPagespeedRoutes" name="test_pagespeed_all_sites_with_auth" time="0.446" /></testsuite></testsuites>