<?xml version="1.0" encoding="utf-8"?><testsuites name="pytest tests"><testsuite name="pytest" errors="0" failures="0" skipped="2" tests="26" time="5.102" timestamp="2026-04-11T10:53:29.483868+00:00" hostname="agent-env-35874b6f-d1d4-4a34-88a5-81acd4636107"><testcase classname="backend.tests.test_phase3_routes.TestAuth" name="test_login_success" time="0.414" /><testcase classname="backend.tests.test_phase3_routes.TestArticlesRoutes" name="test_articles_requires_auth" time="0.109" /><testcase classname="backend.tests.test_phase3_routes.TestArticlesRoutes" name="test_get_articles_list" time="0.511" /><testcase classname="backend.tests.test_phase3_routes.TestArticlesRoutes" name="test_get_articles_with_site_filter" time="0.103" /><testcase classname="backend.tests.test_phase3_routes.TestArticlesRoutes" name="test_get_single_article" time="0.105"><skipped type="pytest.skip" message="No articles found to test single article GET">/app/backend/tests/test_phase3_routes.py:111: No articles found to test single article GET</skipped></testcase><testcase classname="backend.tests.test_phase3_routes.TestArticlesRoutes" name="test_get_nonexistent_article" time="0.105" /><testcase classname="backend.tests.test_phase3_routes.TestArticlesRoutes" name="test_update_article" time="0.105"><skipped type="pytest.skip" message="No articles found to test update">/app/backend/tests/test_phase3_routes.py:143: No articles found to test update</skipped></testcase><testcase classname="backend.tests.test_phase3_routes.TestArticlesRoutes" name="test_update_nonexistent_article" time="0.114" /><testcase classname="backend.tests.test_phase3_routes.TestArticlesRoutes" name="test_delete_nonexistent_article" time="0.109" /><testcase classname="backend.tests.test_phase3_routes.TestKeywordsRoutes" name="test_keywords_requires_auth" time="0.103" /><testcase classname="backend.tests.test_phase3_routes.TestKeywordsRoutes" name="test_get_keywords_list" time="0.486" /><testcase classname="backend.tests.test_phase3_routes.TestKeywordsRoutes" name="test_get_keywords_with_site_filter" time="0.136" /><testcase classname="backend.tests.test_phase3_routes.TestKeywordsRoutes" name="test_delete_nonexistent_keyword" time="0.106" /><testcase classname="backend.tests.test_phase3_routes.TestCalendarRoutes" name="test_calendar_requires_auth" time="0.107" /><testcase classname="backend.tests.test_phase3_routes.TestCalendarRoutes" name="test_get_calendar_list" time="0.470" /><testcase classname="backend.tests.test_phase3_routes.TestCalendarRoutes" name="test_create_calendar_entry" time="0.214" /><testcase classname="backend.tests.test_phase3_routes.TestCalendarRoutes" name="test_delete_nonexistent_calendar_entry" time="0.122" /><testcase classname="backend.tests.test_phase3_routes.TestReportsRoutes" name="test_weekly_report_requires_auth" time="0.100" /><testcase classname="backend.tests.test_phase3_routes.TestReportsRoutes" name="test_monthly_report_requires_auth" time="0.099" /><testcase classname="backend.tests.test_phase3_routes.TestReportsRoutes" name="test_get_weekly_report" time="0.440" /><testcase classname="backend.tests.test_phase3_routes.TestReportsRoutes" name="test_get_monthly_report" time="0.108" /><testcase classname="backend.tests.test_phase3_routes.TestPreviousRoutesStillWork" name="test_health_endpoint" time="0.100" /><testcase classname="backend.tests.test_phase3_routes.TestPreviousRoutesStillWork" name="test_dashboard_stats" time="0.431" /><testcase classname="backend.tests.test_phase3_routes.TestPreviousRoutesStillWork" name="test_settings" time="0.098" /><testcase classname="backend.tests.test_phase3_routes.TestPreviousRoutesStillWork" name="test_notifications" time="0.112" /><testcase classname="backend.tests.test_phase3_routes.TestPreviousRoutesStillWork" name="test_templates" time="0.105" /></testsuite></testsuites>