<?xml version="1.0" encoding="utf-8"?><testsuites name="pytest tests"><testsuite name="pytest" errors="0" failures="0" skipped="0" tests="14" time="11.133" timestamp="2026-02-21T11:53:45.629411+00:00" hostname="agent-env-ed1d34db-69e3-474b-9b24-1dd9f3a27a36"><testcase classname="backend.tests.test_features_v3.TestArticleFiltering" name="test_articles_endpoint_exists" time="1.364" /><testcase classname="backend.tests.test_features_v3.TestArticleFiltering" name="test_articles_accepts_site_id_param" time="0.392" /><testcase classname="backend.tests.test_features_v3.TestArticleFiltering" name="test_articles_without_site_id_returns_all" time="0.416" /><testcase classname="backend.tests.test_features_v3.TestPublicationLog" name="test_publication_log_endpoint_exists" time="1.482" /><testcase classname="backend.tests.test_features_v3.TestPublicationLog" name="test_publication_log_returns_list" time="0.444" /><testcase classname="backend.tests.test_features_v3.TestPublicationLog" name="test_publication_log_entry_structure" time="0.439" /><testcase classname="backend.tests.test_features_v3.TestPublicationLog" name="test_publication_log_requires_auth" time="0.471" /><testcase classname="backend.tests.test_features_v3.TestAutomationEndpoints" name="test_automation_sites_endpoint" time="1.448" /><testcase classname="backend.tests.test_features_v3.TestAutomationEndpoints" name="test_automation_history_endpoint" time="0.409" /><testcase classname="backend.tests.test_features_v3.TestAutomationEndpoints" name="test_stats_per_site_endpoint" time="0.389" /><testcase classname="backend.tests.test_features_v3.TestSearchConsoleEndpoints" name="test_gsc_status_endpoint" time="1.460" /><testcase classname="backend.tests.test_features_v3.TestSearchConsoleEndpoints" name="test_gsc_stats_endpoint" time="0.447" /><testcase classname="backend.tests.test_features_v3.TestDashboardStats" name="test_dashboard_stats_endpoint" time="1.484" /><testcase classname="backend.tests.test_features_v3.TestDashboardStats" name="test_dashboard_stats_with_site_id" time="0.414" /></testsuite></testsuites>