<?xml version="1.0" encoding="utf-8"?><testsuites name="pytest tests"><testsuite name="pytest" errors="0" failures="0" skipped="0" tests="16" time="15.458" timestamp="2026-04-11T10:39:42.779003+00:00" hostname="agent-env-35874b6f-d1d4-4a34-88a5-81acd4636107"><testcase classname="backend.tests.test_phase2_routes.TestHealthAndAuth" name="test_health_check" time="0.232" /><testcase classname="backend.tests.test_phase2_routes.TestHealthAndAuth" name="test_login_returns_token" time="0.343" /><testcase classname="backend.tests.test_phase2_routes.TestNotificationsRoutes" name="test_notifications_requires_auth" time="0.429" /><testcase classname="backend.tests.test_phase2_routes.TestNotificationsRoutes" name="test_get_notifications_with_auth" time="0.439" /><testcase classname="backend.tests.test_phase2_routes.TestNotificationsRoutes" name="test_mark_all_notifications_read" time="0.441" /><testcase classname="backend.tests.test_phase2_routes.TestTrendsRoutes" name="test_trends_requires_auth" time="0.431" /><testcase classname="backend.tests.test_phase2_routes.TestTrendsRoutes" name="test_get_trending_searches" time="0.674" /><testcase classname="backend.tests.test_phase2_routes.TestTrendsRoutes" name="test_get_trends_for_niche" time="8.821" /><testcase classname="backend.tests.test_phase2_routes.TestTemplatesRoutes" name="test_templates_requires_auth" time="0.477" /><testcase classname="backend.tests.test_phase2_routes.TestTemplatesRoutes" name="test_get_templates_list" time="0.434" /><testcase classname="backend.tests.test_phase2_routes.TestTemplatesRoutes" name="test_create_template" time="0.520" /><testcase classname="backend.tests.test_phase2_routes.TestTemplatesRoutes" name="test_delete_template_not_found" time="0.440" /><testcase classname="backend.tests.test_phase2_routes.TestPhase1RoutesStillWork" name="test_dashboard_stats_still_works" time="0.439" /><testcase classname="backend.tests.test_phase2_routes.TestPhase1RoutesStillWork" name="test_dashboard_all_still_works" time="0.429" /><testcase classname="backend.tests.test_phase2_routes.TestPhase1RoutesStillWork" name="test_settings_still_works" time="0.423" /><testcase classname="backend.tests.test_phase2_routes.TestPhase1RoutesStillWork" name="test_pagespeed_all_sites_still_works" time="0.419" /></testsuite></testsuites>