<?xml version="1.0" encoding="utf-8"?><testsuites name="pytest tests"><testsuite name="pytest" errors="0" failures="0" skipped="0" tests="15" time="65.144" timestamp="2026-02-11T08:02:05.355135+00:00" hostname="agent-env-384b5a61-7fb1-43dd-a7cc-081abc9e27e9"><testcase classname="backend.tests.test_automation.TestAutomationEndpoints" name="test_get_automation_sites_returns_200" time="1.728" /><testcase classname="backend.tests.test_automation.TestAutomationEndpoints" name="test_get_automation_sites_requires_auth" time="0.665" /><testcase classname="backend.tests.test_automation.TestAutomationEndpoints" name="test_get_site_automation_settings_returns_200" time="0.453" /><testcase classname="backend.tests.test_automation.TestAutomationEndpoints" name="test_get_site_automation_settings_404_for_invalid_site" time="0.351" /><testcase classname="backend.tests.test_automation.TestAutomationEndpoints" name="test_update_site_automation_settings_manual_mode" time="0.935" /><testcase classname="backend.tests.test_automation.TestAutomationEndpoints" name="test_update_site_automation_settings_automatic_mode" time="0.823" /><testcase classname="backend.tests.test_automation.TestAutomationEndpoints" name="test_update_site_automation_settings_all_frequencies" time="2.172" /><testcase classname="backend.tests.test_automation.TestAutomationEndpoints" name="test_update_site_automation_settings_all_lengths" time="1.166" /><testcase classname="backend.tests.test_automation.TestAutomationEndpoints" name="test_update_site_automation_404_for_invalid_site" time="0.449" /><testcase classname="backend.tests.test_automation.TestAutomationEndpoints" name="test_get_automation_history_returns_200" time="0.465" /><testcase classname="backend.tests.test_automation.TestAutomationEndpoints" name="test_get_automation_history_requires_auth" time="0.671" /><testcase classname="backend.tests.test_automation.TestAutomationEndpoints" name="test_generate_now_requires_auth" time="0.346" /><testcase classname="backend.tests.test_automation.TestAutomationEndpoints" name="test_generate_now_with_site_id_parameter" time="52.997" /><testcase classname="backend.tests.test_automation.TestAutomationConfigLegacy" name="test_get_automation_config_returns_200" time="1.501" /><testcase classname="backend.tests.test_automation.TestAutomationConfigLegacy" name="test_post_automation_config_returns_200" time="0.351" /></testsuite></testsuites>