<?xml version="1.0" encoding="utf-8"?><testsuites name="pytest tests"><testsuite name="pytest" errors="0" failures="0" skipped="0" tests="8" time="1.468" timestamp="2026-04-03T09:35:44.905406+00:00" hostname="agent-env-35874b6f-d1d4-4a34-88a5-81acd4636107"><testcase classname="backend.tests.test_social_facebook.TestSocialFacebookEndpoints" name="test_social_status_returns_available_pages" time="0.580" /><testcase classname="backend.tests.test_social_facebook.TestSocialFacebookEndpoints" name="test_social_status_returns_linkedin_info" time="0.105" /><testcase classname="backend.tests.test_social_facebook.TestSocialFacebookEndpoints" name="test_get_facebook_pages_endpoint" time="0.101" /><testcase classname="backend.tests.test_social_facebook.TestSocialFacebookEndpoints" name="test_select_facebook_page_success" time="0.316" /><testcase classname="backend.tests.test_social_facebook.TestSocialFacebookEndpoints" name="test_select_facebook_page_invalid_page_id" time="0.100" /><testcase classname="backend.tests.test_social_facebook.TestSocialFacebookEndpoints" name="test_social_status_invalid_site_id" time="0.109" /><testcase classname="backend.tests.test_social_facebook.TestSocialFacebookEndpoints" name="test_social_status_no_auth" time="0.104" /><testcase classname="backend.tests.test_social_facebook.TestSchedulerConfiguration" name="test_scheduler_config_in_code" time="0.002" /></testsuite></testsuites>