<?xml version="1.0" encoding="utf-8"?><testsuites name="pytest tests"><testsuite name="pytest" errors="0" failures="0" skipped="0" tests="15" time="7.258" timestamp="2026-03-20T09:46:51.829939+00:00" hostname="agent-env-35874b6f-d1d4-4a34-88a5-81acd4636107"><testcase classname="backend.tests.test_admin_features.TestAdminAuthentication" name="test_admin_login" time="0.357" /><testcase classname="backend.tests.test_admin_features.TestAdminAuthentication" name="test_regular_user_login" time="0.334" /><testcase classname="backend.tests.test_admin_features.TestAdminStatsEndpoint" name="test_admin_can_access_stats" time="0.448" /><testcase classname="backend.tests.test_admin_features.TestAdminStatsEndpoint" name="test_non_admin_cannot_access_stats" time="0.486" /><testcase classname="backend.tests.test_admin_features.TestAdminStatsEndpoint" name="test_unauthenticated_cannot_access_stats" time="0.101" /><testcase classname="backend.tests.test_admin_features.TestAdminUsersEndpoint" name="test_admin_can_list_users" time="0.441" /><testcase classname="backend.tests.test_admin_features.TestAdminUsersEndpoint" name="test_admin_users_search" time="0.426" /><testcase classname="backend.tests.test_admin_features.TestAdminUsersEndpoint" name="test_non_admin_cannot_list_users" time="0.413" /><testcase classname="backend.tests.test_admin_features.TestAdminUserActions" name="test_admin_can_update_user_subscription" time="0.558" /><testcase classname="backend.tests.test_admin_features.TestAdminUserActions" name="test_admin_can_toggle_user_role" time="0.556" /><testcase classname="backend.tests.test_admin_features.TestAdminUserActions" name="test_non_admin_cannot_update_subscription" time="0.838" /><testcase classname="backend.tests.test_admin_features.TestAdminUserActions" name="test_non_admin_cannot_toggle_role" time="0.863" /><testcase classname="backend.tests.test_admin_features.TestAdminUserActions" name="test_admin_cannot_delete_self" time="0.527" /><testcase classname="backend.tests.test_admin_features.TestAdminInvalidRole" name="test_invalid_role_rejected" time="0.432" /><testcase classname="backend.tests.test_admin_features.TestAdminInvalidRole" name="test_invalid_subscription_status_rejected" time="0.421" /></testsuite></testsuites>