<?xml version="1.0" encoding="utf-8"?><testsuites name="pytest tests"><testsuite name="pytest" errors="0" failures="0" skipped="0" tests="11" time="7.833" timestamp="2026-03-29T16:03:09.029114+00:00" hostname="agent-env-35874b6f-d1d4-4a34-88a5-81acd4636107"><testcase classname="backend.tests.test_password_change.TestUserChangePassword" name="test_change_password_wrong_current_password" time="0.835" /><testcase classname="backend.tests.test_password_change.TestUserChangePassword" name="test_change_password_short_new_password" time="0.703" /><testcase classname="backend.tests.test_password_change.TestUserChangePassword" name="test_change_password_no_auth" time="0.111" /><testcase classname="backend.tests.test_password_change.TestUserChangePassword" name="test_change_password_success" time="1.742" /><testcase classname="backend.tests.test_password_change.TestAdminResetUserPassword" name="test_admin_reset_password_no_auth" time="0.136" /><testcase classname="backend.tests.test_password_change.TestAdminResetUserPassword" name="test_admin_reset_password_non_admin" time="0.448" /><testcase classname="backend.tests.test_password_change.TestAdminResetUserPassword" name="test_admin_reset_password_short_password" time="0.446" /><testcase classname="backend.tests.test_password_change.TestAdminResetUserPassword" name="test_admin_reset_password_invalid_user" time="0.469" /><testcase classname="backend.tests.test_password_change.TestAdminResetUserPassword" name="test_admin_reset_password_success" time="1.584" /><testcase classname="backend.tests.test_password_change.TestAdminChangeOwnPassword" name="test_admin_change_password_wrong_current" time="0.645" /><testcase classname="backend.tests.test_password_change.TestAdminChangeOwnPassword" name="test_admin_change_password_endpoint_exists" time="0.654" /></testsuite></testsuites>